Intel-8051 Macro Assembler - Version 1.00

      1    0000                           
      2    0000                                   ORG     0000H
      3    0000     90 00 35              START:  MOV     DPTR,#TABLE
      4    0003     7B 0A                         MOV     R3,#10
      5    0005                           ;
      6    0005     7A 64                 LOOP:   MOV     R2,#100
      7    0007     11 17                 SCAN:   ACALL   SCAN1
      8    0009     DA FC                         DJNZ    R2,SCAN
      9    000B                           ;
     10    000B     A3                            INC     DPTR
     11    000C     A3                            INC     DPTR
     12    000D     A3                            INC     DPTR
     13    000E     A3                            INC     DPTR
     14    000F     A3                            INC     DPTR
     15    0010     A3                    	  INC     DPTR
     16    0011     A3                    	  INC     DPTR
     17    0012     A3                    	  INC     DPTR
     18    0013                           ;
     19    0013     DB F0                         DJNZ    R3,LOOP
     20    0015     01 00                         AJMP    START
     21    0017                           ;
     22    0017     79 00                 SCAN1:  MOV     R1,#00H
     23    0019     7D FE                         MOV     R5,#11111110B
     24    001B     7C 08                         MOV     R4,#08
     25    001D                           ;
     26    001D     E9                    LOOP1:  MOV     A,R1
     27    001E     93                            MOVC    A,@A+DPTR
     28    001F                           ;
     29    001F     F5 80                         MOV     P0,A
     30    0021     8D 90                         MOV     P1,R5
     31    0023                           ;
     32    0023     7E 05                         MOV     R6,#5
     33    0025     7F C8                 DL1:    MOV     R7,#200
     34    0027     DF FE                 DL2:    DJNZ    R7,DL2
     35    0029     DE FA                         DJNZ    R6,DL1
     36    002B                           ;
     37    002B     43 90 FF                      ORL     P1,#11111111B
     38    002E                           ;
     39    002E     ED                            MOV     A,R5
     40    002F     23                            RL      A
     41    0030     FD                            MOV     R5,A
     42    0031     09                            INC     R1
     43    0032     DC E9                         DJNZ    R4,LOOP1
     44    0034     22                            RET
     45    0035                           ; 0
     46    0035                           TABLE:  
     47    0035     83                    	  DB      10000011B
     48    0036     7D                    	  DB      01111101B
     49    0037     7D                            DB      01111101B
     50    0038     7D                    	  DB      01111101B
     51    0039     83                    	  DB      10000011B
     52    003A     FF                    	  DB      11111111B
     53    003B     FF                    	  DB      11111111B
     54    003C     FF                    	  DB      11111111B
     55    003D                           
     56    003D                           
     57    003D                           ;1	 
     58    003D     FF                    	  DB      11111111B
     59    003E     FD                    	  DB      11111101B
     60    003F     01                    	  DB      00000001B
     61    0040     BD                    	  DB      10111101B
     62    0041     FF                    	  DB      11111111B
     63    0042     FF                    	  DB      11111111B
     64    0043     FF                    	  DB      11111111B
     65    0044     FF                    	  DB      11111111B
     66    0045                           ; 2
     67    0045     FD                            DB      11111101B
     68    0046     8D                    	  DB      10001101B
     69    0047     75                    	  DB      01110101B
     70    0048     79                    	  DB      01111001B
     71    0049     BD                    	  DB      10111101B
     72    004A     FF                    	  DB      11111111B
     73    004B     FF                    	  DB      11111111B
     74    004C     FF                    	  DB      11111111B
     75    004D                           ; 3
     76    004D     33                            DB      00110011B
     77    004E     4D                    	  DB      01001101B
     78    004F     6D                    	  DB      01101101B
     79    0050     79                    	  DB      01111001B
     80    0051     7B                    	  DB      01111011B
     81    0052     FF                    	  DB      11111111B
     82    0053     FF                    	  DB      11111111B
     83    0054     FF                    	  DB      11111111B
     84    0055                           ; 4
     85    0055                                   
     86    0055     F7                    	  DB      11110111B 
     87    0056     01                    	  DB      00000001B	
     88    0057     B7                    	  DB      10110111B
     89    0058     D7                    	  DB      11010111B
     90    0059     E7                    	  DB      11100111B
     91    005A     FF                    	  DB      11111111B
     92    005B     FF                    	  DB      11111111B
     93    005C     FF                    	  DB      11111111B
     94    005D                           ; 5
     95    005D     63                            DB      01100011B
     96    005E     5D                    	  DB      01011101B
     97    005F     5D                    	  DB      01011101B
     98    0060     5D                    	  DB      01011101B
     99    0061     1B                    	  DB      00011011B
    100    0062     FF                    	  DB      11111111B
    101    0063     FF                    	  DB      11111111B
    102    0064     FF                    	  DB      11111111B
    103    0065                           ; 6
    104    0065     F3                            DB      11110011B
    105    0066     6D                    	  DB      01101101B
    106    0067     6D                    	  DB      01101101B
    107    0068     AD                    	  DB      10101101B
    108    0069     C3                    	  DB      11000011B
    109    006A     FF                    	  DB      11111111B
    110    006B     FF                    	  DB      11111111B
    111    006C     FF                    	  DB      11111111B
    112    006D                           ; 7
    113    006D     3F                            DB      00111111B
    114    006E     5F                    	  DB      01011111B
    115    006F     61                    	  DB      01100001B
    116    0070     7F                    	  DB      01111111B
    117    0071     7F                    	  DB      01111111B
    118    0072     FF                    	  DB      11111111B
    119    0073     FF                    	  DB      11111111B
    120    0074     FF                    	  DB      11111111B
    121    0075                           ; 8
    122    0075     93                            DB      10010011B
    123    0076     6D                    	  DB      01101101B
    124    0077     6D                    	  DB      01101101B
    125    0078     6D                    	  DB      01101101B
    126    0079     93                    	  DB      10010011B
    127    007A     FF                    	  DB      11111111B
    128    007B     FF                    	  DB      11111111B
    129    007C     FF                    	  DB      11111111B
    130    007D                           ; 9
    131    007D     87                            DB      10000111B
    132    007E     6B                    	  DB      01101011B
    133    007F     6D                    	  DB      01101101B
    134    0080     6D                    	  DB      01101101B
    135    0081     9F                    	  DB      10011111B
    136    0082     FF                    	  DB      11111111B
    137    0083     FF                    	  DB      11111111B
    138    0084     FF                    	  DB      11111111B
    139    0085                           
    140    0085                           ;
    141    0085                                   END
